DEBUG:MailAutomation:MailReader started ...
DEBUG:MailAutomation:Establishing Connections ....
INFO:imapclient.imapclient:Logged in as trial_wali_id@outlook.com
DEBUG:MailAutomation:Connection Established ....
DEBUG:MailAutomation:Orignal Unread Mails [775]
DEBUG:MailAutomation:Filtered Uread Mails []
DEBUG:MailAutomation:Fetching EmailData ....
DEBUG:MailAutomation:EmailData Fetched ....
DEBUG:MailAutomation:Resetting the Flags ....
INFO:imapclient.imapclient:Logged out, connection closed
DEBUG:MailAutomation:Connection Disconnected Successfully ...
DEBUG:MailAutomation:MailReader started ...
DEBUG:MailAutomation:Establishing Connections ....
INFO:imapclient.imapclient:Logged in as trial_wali_id@outlook.com
DEBUG:MailAutomation:Connection Established ....
DEBUG:MailAutomation:Orignal Unread Mails [775]
DEBUG:MailAutomation:Filtered Uread Mails [775]
DEBUG:MailAutomation:Fetching EmailData ....
DEBUG:MailAutomation:EmailData Fetched ....
DEBUG:MailAutomation:Resetting the Flags ....
INFO:imapclient.imapclient:Logged out, connection closed
DEBUG:MailAutomation:Connection Disconnected Successfully ...
INFO:Prediction:>> Start Mail cleaning
DEBUG:MailCleaner:Mail Cleaning starting .. 
DEBUG:MailCleaner:Mail cleaning completed ...
INFO:Prediction:>> Start Regex Processing
INFO:Prediction:>> Start PreProcess
DEBUG:Prediction:Contents= ['male,68, ,235lb,6 Feet,Non-Tobacco,{\'depression\', \'gastric bypass\', \'history\', \'lithium\', \'None\', \'nexium\'},"Shelar, Amol" <Shelar.Amol@principal.com>']
INFO:Prediction:>> Start tokenize and remove punctuations
DEBUG:Prediction:Features= [['male', '68', '235lb', '6', 'foot', 'non', 'tobacco', '{', 'depression', 'gastric', 'bypass', 'history', 'lithium', 'none', 'nexium', '}', 'shelar', 'amol', '<', 'shelar', 'amol', 'principal', 'com', '>']]
INFO:Prediction:>> Start Prediction
DEBUG:Prediction:Offer= 0    [A]
Name: result, dtype: object
DEBUG:MailAppend:MailAppend started
INFO:imapclient.imapclient:Logged in as trial_wali_id@outlook.com
INFO:imapclient.imapclient:Logged out, connection closed
DEBUG:MailAppend:MailAppend Ended
